commit 4ce5cbc353f12fe5f02480ba4c6b9f941d6acf6a
Author: arouss22@ad.univ-fcomte.fr <arouss22@ad.univ-fcomte.fr>
Date:   Thu Feb 20 16:53:57 2020 +0100

    modif sur files

commit 73f06262615d4ec03799399288ba81dd45f206e6
Author: arouss22@ad.univ-fcomte.fr <arouss22@ad.univ-fcomte.fr>
Date:   Tue Feb 18 17:44:01 2020 +0100

    mon 3eme commit

commit 61c7b82f85d0dd67f8756ffba35f0731797e94b4
Author: arouss22@ad.univ-fcomte.fr <arouss22@ad.univ-fcomte.fr>
Date:   Tue Feb 18 17:24:10 2020 +0100

    mon 1er commit

commit 5c5199f704c546af6ba31b50654ac73339320f4c
Author: GENIAUT Gérald <gerald.geniaut@univ-fcomte.fr>
Date:   Wed Feb 12 12:21:33 2020 +0100

    Ajout des fichiers file1.txt et file2.txt

commit 65dc366a864f4ce0de171d8c06d4c230d52b94a5
Author: GENIAUT Gérald <gerald.geniaut@univ-fcomte.fr>
Date:   Wed Feb 12 12:18:33 2020 +0100

    Init
